<?xml version="1.0" encoding="UTF-8"?>
<!-- Generated by org.testng.reporters.JUnitReportReporter -->
<testsuite hostname="DESKTOP-RSFGGM3" failures="0" tests="1" name="com.mohs10.getData.getdata" time="5.049" errors="0" timestamp="2023-05-09T14:52:46 IST" skipped="0">
  <testcase classname="com.mohs10.getData.getdata" name="testResponsecode" time="5.049"/>
  <system-out/>
</testsuite> <!-- com.mohs10.getData.getdata -->
